Time resolution is 1 ps
Load scenario
[Time 2000.00 ns] Env: Scenario file parsing completed. total 98 messages loaded!
Configure network
Simulation Start

=========================
Simulation End
- Router 0: Exp 0 / Recv 0
- Router 1: Exp 44032 / Recv 44032
- Router 2: Exp 44032 / Recv 44032
- Router 3: Exp 44032 / Recv 44032
- Router 4: Exp 44032 / Recv 44032
- Router 5: Exp 44032 / Recv 44032
- Router 6: Exp 44032 / Recv 44032
- Router 7: Exp 0 / Recv 0
- Router 8: Exp 0 / Recv 0
- Router 9: Exp 44032 / Recv 44032
- Router 10: Exp 44032 / Recv 44032
- Router 11: Exp 43008 / Recv 43008
- Router 12: Exp 43008 / Recv 43008
- Router 13: Exp 43008 / Recv 43008
- Router 14: Exp 43008 / Recv 43008
- Router 15: Exp 196608 / Recv 196608
- Router 16: Exp 163840 / Recv 163840
- Router 17: Exp 524288 / Recv 524288
- Router 18: Exp 524288 / Recv 524288
- Router 19: Exp 524288 / Recv 524288
- Router 20: Exp 524288 / Recv 524288
- Router 21: Exp 524288 / Recv 524288
- Router 22: Exp 524288 / Recv 524288
- Router 23: Exp 163840 / Recv 163840
- Router 24: Exp 196608 / Recv 196608
- Router 25: Exp 524288 / Recv 524288
- Router 26: Exp 524288 / Recv 524288
- Router 27: Exp 524288 / Recv 524288
- Router 28: Exp 524288 / Recv 524288
- Router 29: Exp 524288 / Recv 524288
- Router 30: Exp 524288 / Recv 524288
- Router 31: Exp 163840 / Recv 163840
- Router 32: Exp 163840 / Recv 163840
- Router 33: Exp 524288 / Recv 524288
- Router 34: Exp 524288 / Recv 524288
- Router 35: Exp 524288 / Recv 524288
- Router 36: Exp 524288 / Recv 524288
- Router 37: Exp 524288 / Recv 524288
- Router 38: Exp 524288 / Recv 524288
- Router 39: Exp 175104 / Recv 175104
- Router 40: Exp 175104 / Recv 175104
- Router 41: Exp 524288 / Recv 524288
- Router 42: Exp 524288 / Recv 524288
- Router 43: Exp 524288 / Recv 524288
- Router 44: Exp 524288 / Recv 524288
- Router 45: Exp 524288 / Recv 524288
- Router 46: Exp 524288 / Recv 524288
- Router 47: Exp 174080 / Recv 174080
Total Errors: 0
TEST PASSED
Last router : 46
Start time : 3030 ns
End time : 439230 ns
Total time : 436200 ns

=========================
$finish called at time : 439250 ns : File "C:/Users/hyeseongshin/Desktop/workspace/systemverilog/mesh_network/project_4/project_4.srcs/sim_1/imports/hybrid_router_sv_v1.0/mesh_network_tb.sv" Line 417
INFO: xsimkernel Simulation Memory Usage: 368380 KB (Peak: 368380 KB), Simulation CPU Usage: 686874 ms
