Time resolution is 1 ps
Load scenario
[Time 2000.00 ns] Env: Scenario file parsing completed. total 72 messages loaded!
Configure network
Simulation Start

=========================
Simulation End
- Router 0: Exp 0 / Recv 0
- Router 1: Exp 131072 / Recv 131072
- Router 2: Exp 131072 / Recv 131072
- Router 3: Exp 131072 / Recv 131072
- Router 4: Exp 131072 / Recv 131072
- Router 5: Exp 131072 / Recv 131072
- Router 6: Exp 131072 / Recv 131072
- Router 7: Exp 0 / Recv 0
- Router 8: Exp 0 / Recv 0
- Router 9: Exp 131072 / Recv 131072
- Router 10: Exp 131072 / Recv 131072
- Router 11: Exp 131072 / Recv 131072
- Router 12: Exp 131072 / Recv 131072
- Router 13: Exp 131072 / Recv 131072
- Router 14: Exp 131072 / Recv 131072
- Router 15: Exp 87552 / Recv 87552
- Router 16: Exp 87552 / Recv 87552
- Router 17: Exp 131072 / Recv 131072
- Router 18: Exp 131072 / Recv 131072
- Router 19: Exp 131072 / Recv 131072
- Router 20: Exp 131072 / Recv 131072
- Router 21: Exp 131072 / Recv 131072
- Router 22: Exp 131072 / Recv 131072
- Router 23: Exp 87040 / Recv 87040
- Router 24: Exp 87552 / Recv 87552
- Router 25: Exp 131072 / Recv 131072
- Router 26: Exp 131072 / Recv 131072
- Router 27: Exp 131072 / Recv 131072
- Router 28: Exp 131072 / Recv 131072
- Router 29: Exp 131072 / Recv 131072
- Router 30: Exp 131072 / Recv 131072
- Router 31: Exp 87552 / Recv 87552
- Router 32: Exp 87040 / Recv 87040
- Router 33: Exp 65536 / Recv 65536
- Router 34: Exp 65536 / Recv 65536
- Router 35: Exp 65536 / Recv 65536
- Router 36: Exp 65536 / Recv 65536
- Router 37: Exp 65536 / Recv 65536
- Router 38: Exp 65536 / Recv 65536
- Router 39: Exp 87552 / Recv 87552
- Router 40: Exp 87552 / Recv 87552
- Router 41: Exp 65536 / Recv 65536
- Router 42: Exp 65536 / Recv 65536
- Router 43: Exp 65536 / Recv 65536
- Router 44: Exp 65536 / Recv 65536
- Router 45: Exp 65536 / Recv 65536
- Router 46: Exp 65536 / Recv 65536
- Router 47: Exp 87040 / Recv 87040
Total Errors: 0
TEST PASSED
Last router : 42
Start time : 3030 ns
End time : 172670 ns
Total time : 169640 ns

=========================
$finish called at time : 172690 ns : File "C:/Users/hyeseongshin/Desktop/workspace/systemverilog/mesh_network/project_4/project_4.srcs/sim_1/imports/hybrid_router_sv_v1.0/mesh_network_tb.sv" Line 417
INFO: xsimkernel Simulation Memory Usage: 353328 KB (Peak: 353328 KB), Simulation CPU Usage: 181343 ms
