Time resolution is 1 ps
Load scenario
[Time 2000.00 ns] Env: Scenario file parsing completed. total 184 messages loaded!
Configure network
Simulation Start

=========================
Simulation End
- Router 0: Exp 87552 / Recv 87552
- Router 1: Exp 281088 / Recv 281088
- Router 2: Exp 281088 / Recv 281088
- Router 3: Exp 281088 / Recv 281088
- Router 4: Exp 281088 / Recv 281088
- Router 5: Exp 281088 / Recv 281088
- Router 6: Exp 281088 / Recv 281088
- Router 7: Exp 87552 / Recv 87552
- Router 8: Exp 87040 / Recv 87040
- Router 9: Exp 281088 / Recv 281088
- Router 10: Exp 281088 / Recv 281088
- Router 11: Exp 280576 / Recv 280576
- Router 12: Exp 280576 / Recv 280576
- Router 13: Exp 280576 / Recv 280576
- Router 14: Exp 280576 / Recv 280576
- Router 15: Exp 0 / Recv 0
- Router 16: Exp 0 / Recv 0
- Router 17: Exp 280576 / Recv 280576
- Router 18: Exp 280576 / Recv 280576
- Router 19: Exp 413696 / Recv 413696
- Router 20: Exp 413696 / Recv 413696
- Router 21: Exp 413696 / Recv 413696
- Router 22: Exp 413696 / Recv 413696
- Router 23: Exp 0 / Recv 0
- Router 24: Exp 0 / Recv 0
- Router 25: Exp 413696 / Recv 413696
- Router 26: Exp 413696 / Recv 413696
- Router 27: Exp 413696 / Recv 413696
- Router 28: Exp 413696 / Recv 413696
- Router 29: Exp 409600 / Recv 409600
- Router 30: Exp 409600 / Recv 409600
- Router 31: Exp 0 / Recv 0
- Router 32: Exp 0 / Recv 0
- Router 33: Exp 409600 / Recv 409600
- Router 34: Exp 409600 / Recv 409600
- Router 35: Exp 409600 / Recv 409600
- Router 36: Exp 409600 / Recv 409600
- Router 37: Exp 262144 / Recv 262144
- Router 38: Exp 262144 / Recv 262144
- Router 39: Exp 0 / Recv 0
- Router 40: Exp 0 / Recv 0
- Router 41: Exp 262144 / Recv 262144
- Router 42: Exp 262144 / Recv 262144
- Router 43: Exp 262144 / Recv 262144
- Router 44: Exp 262144 / Recv 262144
- Router 45: Exp 262144 / Recv 262144
- Router 46: Exp 262144 / Recv 262144
- Router 47: Exp 0 / Recv 0
Total Errors: 0
TEST PASSED
Last router : 22
Start time : 3030 ns
End time : 598690 ns
Total time : 595660 ns

=========================
$finish called at time : 598690 ns : File "C:/Users/hyeseongshin/Desktop/workspace/systemverilog/mesh_network/project_4/project_4.srcs/sim_1/imports/hybrid_router_sv_v1.0/mesh_network_tb.sv" Line 417
INFO: xsimkernel Simulation Memory Usage: 365880 KB (Peak: 365880 KB), Simulation CPU Usage: 750452 ms
