Time resolution is 1 ps
Load scenario
[Time 2000.00 ns] Env: Scenario file parsing completed. total 197 messages loaded!
Configure network
Simulation Start

=========================
Simulation End
- Router 0: Exp 175104 / Recv 175104
- Router 1: Exp 562176 / Recv 562176
- Router 2: Exp 562176 / Recv 562176
- Router 3: Exp 562176 / Recv 562176
- Router 4: Exp 562176 / Recv 562176
- Router 5: Exp 562176 / Recv 562176
- Router 6: Exp 562176 / Recv 562176
- Router 7: Exp 175104 / Recv 175104
- Router 8: Exp 174080 / Recv 174080
- Router 9: Exp 562176 / Recv 562176
- Router 10: Exp 562176 / Recv 562176
- Router 11: Exp 561152 / Recv 561152
- Router 12: Exp 561152 / Recv 561152
- Router 13: Exp 561152 / Recv 561152
- Router 14: Exp 561152 / Recv 561152
- Router 15: Exp 0 / Recv 0
- Router 16: Exp 0 / Recv 0
- Router 17: Exp 561152 / Recv 561152
- Router 18: Exp 561152 / Recv 561152
- Router 19: Exp 827392 / Recv 827392
- Router 20: Exp 827392 / Recv 827392
- Router 21: Exp 827392 / Recv 827392
- Router 22: Exp 827392 / Recv 827392
- Router 23: Exp 0 / Recv 0
- Router 24: Exp 0 / Recv 0
- Router 25: Exp 827392 / Recv 827392
- Router 26: Exp 827392 / Recv 827392
- Router 27: Exp 827392 / Recv 827392
- Router 28: Exp 827392 / Recv 827392
- Router 29: Exp 819200 / Recv 819200
- Router 30: Exp 819200 / Recv 819200
- Router 31: Exp 0 / Recv 0
- Router 32: Exp 0 / Recv 0
- Router 33: Exp 819200 / Recv 819200
- Router 34: Exp 819200 / Recv 819200
- Router 35: Exp 819200 / Recv 819200
- Router 36: Exp 819200 / Recv 819200
- Router 37: Exp 524288 / Recv 524288
- Router 38: Exp 524288 / Recv 524288
- Router 39: Exp 0 / Recv 0
- Router 40: Exp 0 / Recv 0
- Router 41: Exp 524288 / Recv 524288
- Router 42: Exp 524288 / Recv 524288
- Router 43: Exp 524288 / Recv 524288
- Router 44: Exp 524288 / Recv 524288
- Router 45: Exp 524288 / Recv 524288
- Router 46: Exp 524288 / Recv 524288
- Router 47: Exp 0 / Recv 0
Total Errors: 0
TEST PASSED
Last router : 25
Start time : 3030 ns
End time : 1125390 ns
Total time : 1122360 ns

=========================
$finish called at time : 1125410 ns : File "C:/Users/hyeseongshin/Desktop/workspace/systemverilog/mesh_network/project_4/project_4.srcs/sim_1/imports/hybrid_router_sv_v1.0/mesh_network_tb.sv" Line 417
INFO: xsimkernel Simulation Memory Usage: 394424 KB (Peak: 394424 KB), Simulation CPU Usage: 1647452 ms
