Time resolution is 1 ps
Load scenario
[Time 2000.00 ns] Env: Scenario file parsing completed. total 77 messages loaded!
Configure network
Simulation Start

=========================
Simulation End
- Router 0: Exp 87552 / Recv 87552
- Router 1: Exp 262144 / Recv 262144
- Router 2: Exp 262144 / Recv 262144
- Router 3: Exp 262144 / Recv 262144
- Router 4: Exp 262144 / Recv 262144
- Router 5: Exp 18944 / Recv 18944
- Router 6: Exp 18944 / Recv 18944
- Router 7: Exp 87552 / Recv 87552
- Router 8: Exp 87040 / Recv 87040
- Router 9: Exp 18944 / Recv 18944
- Router 10: Exp 18944 / Recv 18944
- Router 11: Exp 18944 / Recv 18944
- Router 12: Exp 18944 / Recv 18944
- Router 13: Exp 18944 / Recv 18944
- Router 14: Exp 18944 / Recv 18944
- Router 15: Exp 0 / Recv 0
- Router 16: Exp 0 / Recv 0
- Router 17: Exp 18432 / Recv 18432
- Router 18: Exp 18432 / Recv 18432
- Router 19: Exp 18432 / Recv 18432
- Router 20: Exp 18432 / Recv 18432
- Router 21: Exp 18432 / Recv 18432
- Router 22: Exp 18432 / Recv 18432
- Router 23: Exp 0 / Recv 0
- Router 24: Exp 0 / Recv 0
- Router 25: Exp 524288 / Recv 524288
- Router 26: Exp 524288 / Recv 524288
- Router 27: Exp 524288 / Recv 524288
- Router 28: Exp 524288 / Recv 524288
- Router 29: Exp 524288 / Recv 524288
- Router 30: Exp 524288 / Recv 524288
- Router 31: Exp 0 / Recv 0
- Router 32: Exp 0 / Recv 0
- Router 33: Exp 524288 / Recv 524288
- Router 34: Exp 524288 / Recv 524288
- Router 35: Exp 524288 / Recv 524288
- Router 36: Exp 524288 / Recv 524288
- Router 37: Exp 524288 / Recv 524288
- Router 38: Exp 524288 / Recv 524288
- Router 39: Exp 0 / Recv 0
- Router 40: Exp 0 / Recv 0
- Router 41: Exp 524288 / Recv 524288
- Router 42: Exp 524288 / Recv 524288
- Router 43: Exp 131072 / Recv 131072
- Router 44: Exp 131072 / Recv 131072
- Router 45: Exp 131072 / Recv 131072
- Router 46: Exp 131072 / Recv 131072
- Router 47: Exp 0 / Recv 0
Total Errors: 0
TEST PASSED
Last router : 38
Start time : 3030 ns
End time : 924350 ns
Total time : 921320 ns

=========================
$finish called at time : 924370 ns : File "C:/Users/hyeseongshin/Desktop/workspace/systemverilog/mesh_network/project_4/project_4.srcs/sim_1/imports/hybrid_router_sv_v1.0/mesh_network_tb.sv" Line 417
INFO: xsimkernel Simulation Memory Usage: 368008 KB (Peak: 368008 KB), Simulation CPU Usage: 915264 ms
